[2026-05-21 17:50:53.334] [INFO] [DemoEntry] Loading assemblies...
[2026-05-21 17:50:53.337] [DEBUG] [DemoEntry]   - AbilityKit.Demo.ET.App
[2026-05-21 17:50:53.338] [DEBUG] [DemoEntry]   - AbilityKit.Demo.ET.Logic
[2026-05-21 17:50:53.339] [DEBUG] [DemoEntry]   - AbilityKit.Demo.ET.Logic
[2026-05-21 17:50:53.339] [DEBUG] [DemoEntry]   - AbilityKit.Demo.ET.View
[2026-05-21 17:50:53.340] [INFO] [DemoEntry] Initializing CodeTypes singleton...
[2026-05-21 17:50:53.341] [INFO] [DemoEntry] CodeTypes singleton created
[2026-05-21 17:50:53.341] [INFO] [DemoEntry] Loading assemblies...
[2026-05-21 17:50:53.341] [DEBUG] [DemoEntry]   - AbilityKit.Demo.ET.App
[2026-05-21 17:50:53.342] [DEBUG] [DemoEntry]   - AbilityKit.Demo.ET.Logic
[2026-05-21 17:50:53.342] [DEBUG] [DemoEntry]   - AbilityKit.Demo.ET.Logic
[2026-05-21 17:50:53.343] [DEBUG] [DemoEntry]   - AbilityKit.Demo.ET.View
[2026-05-21 17:50:53.343] [DEBUG] [DemoEntry]   - AbilityKit.Demo.ET.Share
[2026-05-21 17:50:53.344] [INFO] [DemoEntry] Calling CodeTypes.Instance.Awake...
[2026-05-21 17:50:53.361] [INFO] [DemoEntry] CodeTypes initialized
[2026-05-21 17:50:53.362] [INFO] [DemoEntry] Calling CodeTypes.Instance.CodeProcess...
[2026-05-21 17:50:53.366] [INFO] [DemoEntry] CodeProcess done
[2026-05-21 17:50:53.366] [INFO] [DemoEntry] Adding core singletons...
[2026-05-21 17:50:53.373] [INFO] [DemoEntry] Core singletons initialized
[2026-05-21 17:50:53.375] [INFO] [DemoEntry] Creating Main Fiber...
[2026-05-21 17:50:53.510] [INFO] scene create: 1001 10000001 1
